This is pdfTeX, Version 3.14159265-2.6-1.40.20 (MiKTeX 2.9.7140 64-bit) (preloaded format=pdflatex 2019.9.13)  17 SEP 2019 15:10
entering extended mode
**"./EV_1_5_caracteristicas de los convertidores de potencia CA-CD, CD-CA, CA-C
A, CD-CD.tex"

("EV_1_5_caracteristicas de los convertidores de potencia CA-CD, CD-CA, CA-CA, 
CD-CD.tex"
LaTeX2e <2018-12-01>
("C:\Program Files\MiKTeX 2.9\tex/latex/base\article.cls"
Document Class: article 2018/09/03 v1.4i Standard LaTeX document class
("C:\Program Files\MiKTeX 2.9\tex/latex/base\size12.clo"
File: size12.clo 2018/09/03 v1.4i Standard LaTeX file (size option)
)
\c@part=\count80
\c@section=\count81
\c@subsection=\count82
\c@subsubsection=\count83
\c@paragraph=\count84
\c@subparagraph=\count85
\c@figure=\count86
\c@table=\count87
\abovecaptionskip=\skip41
\belowcaptionskip=\skip42
\bibindent=\dimen102
)
("C:\Program Files\MiKTeX 2.9\tex/latex/base\inputenc.sty"
Package: inputenc 2018/08/11 v1.3c Input encoding file
\inpenc@prehook=\toks14
\inpenc@posthook=\toks15
)
("C:\Program Files\MiKTeX 2.9\tex/generic/babel\babel.sty"
Package: babel 2019/07/19 3.33 The Babel package

("C:\Program Files\MiKTeX 2.9\tex/generic/babel\switch.def"
File: switch.def 2019/07/19 3.33 Babel switching mechanism
)
*************************************
* Local config file bblopts.cfg used
*
("C:\Program Files\MiKTeX 2.9\tex/latex/arabi\bblopts.cfg"
File: bblopts.cfg 2005/09/08 v0.1 add Arabic and Farsi to "declared" options of
 babel
)
("C:\Program Files\MiKTeX 2.9\tex/latex/babel-spanish\spanish.ldf"
Language: spanish.ldf 2016/03/03 v5.0p Spanish support from the babel system

("C:\Program Files\MiKTeX 2.9\tex/generic/babel\babel.def"
File: babel.def 2019/07/19 3.33 Babel common definitions
\babel@savecnt=\count88
\U@D=\dimen103

("C:\Program Files\MiKTeX 2.9\tex/generic/babel\txtbabel.def")
\bbl@dirlevel=\count89
)
\es@quottoks=\toks16
\es@quotdepth=\count90
Package babel Info: Making " an active character on input line 561.
Package babel Info: Making . an active character on input line 662.
Package babel Info: Making < an active character on input line 707.
Package babel Info: Making > an active character on input line 707.
))
("C:\Program Files\MiKTeX 2.9\tex/latex/psnfss\times.sty"
Package: times 2005/04/12 PSNFSS-v9.2a (SPQR) 
)
("C:\Program Files\MiKTeX 2.9\tex/latex/geometry\geometry.sty"
Package: geometry 2018/04/16 v5.8 Page Geometry

("C:\Program Files\MiKTeX 2.9\tex/latex/graphics\keyval.sty"
Package: keyval 2014/10/28 v1.15 key=value parser (DPC)
\KV@toks@=\toks17
)
("C:\Program Files\MiKTeX 2.9\tex/generic/oberdiek\ifpdf.sty"
Package: ifpdf 2018/09/07 v3.3 Provides the ifpdf switch
)
("C:\Program Files\MiKTeX 2.9\tex/generic/oberdiek\ifvtex.sty"
Package: ifvtex 2016/05/16 v1.6 Detect VTeX and its facilities (HO)
Package ifvtex Info: VTeX not detected.
)
("C:\Program Files\MiKTeX 2.9\tex/generic/ifxetex\ifxetex.sty"
Package: ifxetex 2010/09/12 v0.6 Provides ifxetex conditional
)
\Gm@cnth=\count91
\Gm@cntv=\count92
\c@Gm@tempcnt=\count93
\Gm@bindingoffset=\dimen104
\Gm@wd@mp=\dimen105
\Gm@odd@mp=\dimen106
\Gm@even@mp=\dimen107
\Gm@layoutwidth=\dimen108
\Gm@layoutheight=\dimen109
\Gm@layouthoffset=\dimen110
\Gm@layoutvoffset=\dimen111
\Gm@dimlist=\toks18

("C:\Program Files\MiKTeX 2.9\tex/latex/geometry\geometry.cfg"))
("C:\Program Files\MiKTeX 2.9\tex/latex/graphics\graphicx.sty"
Package: graphicx 2017/06/01 v1.1a Enhanced LaTeX Graphics (DPC,SPQR)

("C:\Program Files\MiKTeX 2.9\tex/latex/graphics\graphics.sty"
Package: graphics 2017/06/25 v1.2c Standard LaTeX Graphics (DPC,SPQR)

("C:\Program Files\MiKTeX 2.9\tex/latex/graphics\trig.sty"
Package: trig 2016/01/03 v1.10 sin cos tan (DPC)
)
("C:\Program Files\MiKTeX 2.9\tex/latex/graphics-cfg\graphics.cfg"
File: graphics.cfg 2016/06/04 v1.11 sample graphics configuration
)
Package graphics Info: Driver file: pdftex.def on input line 99.

("C:\Program Files\MiKTeX 2.9\tex/latex/graphics-def\pdftex.def"
File: pdftex.def 2018/01/08 v1.0l Graphics/color driver for pdftex
))
\Gin@req@height=\dimen112
\Gin@req@width=\dimen113
)
("EV_1_5_caracteristicas de los convertidores de potencia CA-CD, CD-CA, CA-CA, 
CD-CD.aux"
LaTeX Info: Redefining \. on input line 6.
LaTeX Info: Redefining \% on input line 6.
)
\openout1 = `"EV_1_5_caracteristicas de los convertidores de potencia CA-CD, CD
-CA, CA-CA, CD-CD.aux"'.

LaTeX Font Info:    Checking defaults for OML/cmm/m/it on input line 12.
LaTeX Font Info:    ... okay on input line 12.
LaTeX Font Info:    Checking defaults for T1/cmr/m/n on input line 12.
LaTeX Font Info:    ... okay on input line 12.
LaTeX Font Info:    Checking defaults for OT1/cmr/m/n on input line 12.
LaTeX Font Info:    ... okay on input line 12.
LaTeX Font Info:    Checking defaults for OMS/cmsy/m/n on input line 12.
LaTeX Font Info:    ... okay on input line 12.
LaTeX Font Info:    Checking defaults for OMX/cmex/m/n on input line 12.
LaTeX Font Info:    ... okay on input line 12.
LaTeX Font Info:    Checking defaults for U/cmr/m/n on input line 12.
LaTeX Font Info:    ... okay on input line 12.
LaTeX Font Info:    Try loading font information for OT1+ptm on input line 12.
 ("C:\Program Files\MiKTeX 2.9\tex/latex/psnfss\ot1ptm.fd"
File: ot1ptm.fd 2001/06/04 font definitions for OT1/ptm.
)
LaTeX Info: Redefining \. on input line 12.
LaTeX Info: Redefining \% on input line 12.

*geometry* driver: auto-detecting
*geometry* detected driver: pdftex
*geometry* verbose mode - [ preamble ] result:
* driver: pdftex
* paper: letterpaper
* layout: <same size as paper>
* layoutoffset:(h,v)=(0.0pt,0.0pt)
* modes: 
* h-part:(L,W,R)=(85.35826pt, 457.80486pt, 71.13188pt)
* v-part:(T,H,B)=(71.13188pt, 652.70622pt, 71.13188pt)
* \paperwidth=614.295pt
* \paperheight=794.96999pt
* \textwidth=457.80486pt
* \textheight=652.70622pt
* \oddsidemargin=13.08827pt
* \evensidemargin=13.08827pt
* \topmargin=-38.1381pt
* \headheight=12.0pt
* \headsep=25.0pt
* \topskip=12.0pt
* \footskip=30.0pt
* \marginparwidth=44.0pt
* \marginparsep=10.0pt
* \columnsep=10.0pt
* \skip\footins=10.8pt plus 4.0pt minus 2.0pt
* \hoffset=0.0pt
* \voffset=0.0pt
* \mag=1000
* \@twocolumnfalse
* \@twosidefalse
* \@mparswitchfalse
* \@reversemarginfalse
* (1in=72.27pt=25.4mm, 1cm=28.453pt)

("C:\Program Files\MiKTeX 2.9\tex/context/base/mkii\supp-pdf.mkii"
[Loading MPS to PDF converter (version 2006.09.02).]
\scratchcounter=\count94
\scratchdimen=\dimen114
\scratchbox=\box27
\nofMPsegments=\count95
\nofMParguments=\count96
\everyMPshowfont=\toks19
\MPscratchCnt=\count97
\MPscratchDim=\dimen115
\MPnumerator=\count98
\makeMPintoPDFobject=\count99
\everyMPtoPDFconversion=\toks20
) ("C:\Program Files\MiKTeX 2.9\tex/latex/oberdiek\epstopdf-base.sty"
Package: epstopdf-base 2016/05/15 v2.6 Base part for package epstopdf

("C:\Program Files\MiKTeX 2.9\tex/generic/oberdiek\infwarerr.sty"
Package: infwarerr 2016/05/16 v1.4 Providing info/warning/error messages (HO)
)
("C:\Program Files\MiKTeX 2.9\tex/latex/oberdiek\grfext.sty"
Package: grfext 2016/05/16 v1.2 Manage graphics extensions (HO)

("C:\Program Files\MiKTeX 2.9\tex/generic/oberdiek\kvdefinekeys.sty"
Package: kvdefinekeys 2016/05/16 v1.4 Define keys (HO)

("C:\Program Files\MiKTeX 2.9\tex/generic/oberdiek\ltxcmds.sty"
Package: ltxcmds 2016/05/16 v1.23 LaTeX kernel commands for general use (HO)
)))
("C:\Program Files\MiKTeX 2.9\tex/latex/oberdiek\kvoptions.sty"
Package: kvoptions 2016/05/16 v3.12 Key value format for package options (HO)

("C:\Program Files\MiKTeX 2.9\tex/generic/oberdiek\kvsetkeys.sty"
Package: kvsetkeys 2016/05/16 v1.17 Key value parser (HO)

("C:\Program Files\MiKTeX 2.9\tex/generic/oberdiek\etexcmds.sty"
Package: etexcmds 2016/05/16 v1.6 Avoid name clashes with e-TeX commands (HO)

("C:\Program Files\MiKTeX 2.9\tex/generic/oberdiek\ifluatex.sty"
Package: ifluatex 2016/05/16 v1.4 Provides the ifluatex switch (HO)
Package ifluatex Info: LuaTeX not detected.
))))
("C:\Program Files\MiKTeX 2.9\tex/generic/oberdiek\pdftexcmds.sty"
Package: pdftexcmds 2019/07/25 v0.30 Utility functions of pdfTeX for LuaTeX (HO
)
Package pdftexcmds Info: LuaTeX not detected.
Package pdftexcmds Info: \pdf@primitive is available.
Package pdftexcmds Info: \pdf@ifprimitive is available.
Package pdftexcmds Info: \pdfdraftmode found.
)
Package epstopdf-base Info: Redefining graphics rule for `.eps' on input line 4
38.
Package grfext Info: Graphics extension search list:
(grfext)             [.pdf,.png,.jpg,.mps,.jpeg,.jbig2,.jb2,.PDF,.PNG,.JPG,.JPE
G,.JBIG2,.JB2,.eps]
(grfext)             \AppendGraphicsExtensions on input line 456.
)
LaTeX Font Info:    External font `cmex10' loaded for size
(Font)              <14.4> on input line 13.
LaTeX Font Info:    External font `cmex10' loaded for size
(Font)              <7> on input line 13.
LaTeX Font Info:    Font shape `OT1/ptm/bx/n' in size <17.28> not available
(Font)              Font shape `OT1/ptm/b/n' tried instead on input line 15.
LaTeX Font Info:    Font shape `OT1/ptm/bx/n' in size <14.4> not available
(Font)              Font shape `OT1/ptm/b/n' tried instead on input line 18.
LaTeX Font Info:    Font shape `OT1/ptm/bx/n' in size <12> not available
(Font)              Font shape `OT1/ptm/b/n' tried instead on input line 21.
LaTeX Font Info:    External font `cmex10' loaded for size
(Font)              <12> on input line 22.
LaTeX Font Info:    External font `cmex10' loaded for size
(Font)              <8> on input line 22.
LaTeX Font Info:    External font `cmex10' loaded for size
(Font)              <6> on input line 22.


LaTeX Warning: File `Reductor Buck.png' not found on input line 23.

<Reductor Buck.png, id=1, 304.13625pt x 145.29282pt>
File: Reductor Buck.png Graphic file (type png)
<use Reductor Buck.png>
Package pdftex.def Info: Reductor Buck.png  used on input line 23.
(pdftex.def)             Requested size: 227.62204pt x 108.7432pt.
[1

{C:/Users/Lenovo T450/AppData/Local/MiKTeX/2.9/pdftex/config/pdftex.map} <./Red
uctor Buck.png>]

LaTeX Warning: File `Reductor Buck 2 Maneras.png' not found on input line 36.

<Reductor Buck 2 Maneras.png, id=10, 305.64188pt x 287.57437pt>
File: Reductor Buck 2 Maneras.png Graphic file (type png)
<use Reductor Buck 2 Maneras.png>
Package pdftex.def Info: Reductor Buck 2 Maneras.png  used on input line 36.
(pdftex.def)             Requested size: 199.16928pt x 187.39503pt.
<PushPull.png, id=11, 386.94562pt x 195.73125pt>
File: PushPull.png Graphic file (type png)
<use PushPull.png>
Package pdftex.def Info: PushPull.png  used on input line 43.
(pdftex.def)             Requested size: 170.71652pt x 86.35497pt.
<Halfbridge.png, id=12, 355.3275pt x 239.39438pt>
File: Halfbridge.png Graphic file (type png)
<use Halfbridge.png>
Package pdftex.def Info: Halfbridge.png  used on input line 66.
(pdftex.def)             Requested size: 170.71652pt x 115.01758pt.
[2 <./Reductor Buck 2 Maneras.png> <./PushPull.png> <./Halfbridge.png>]

LaTeX Warning: File `Reversible en corriente.png' not found on input line 91.

<Reversible en corriente.png, id=24, 295.85532pt x 105.39375pt>
File: Reversible en corriente.png Graphic file (type png)
<use Reversible en corriente.png>
Package pdftex.def Info: Reversible en corriente.png  used on input line 91.
(pdftex.def)             Requested size: 199.16928pt x 70.95276pt.

LaTeX Warning: File `Caracteristicas de carga, Reversible en corriente.png' not
 found on input line 99.

<Caracteristicas de carga, Reversible en corriente.png, id=25, 371.13657pt x 23
7.13594pt>
File: Caracteristicas de carga, Reversible en corriente.png Graphic file (type 
png)
<use Caracteristicas de carga, Reversible en corriente.png>
Package pdftex.def Info: Caracteristicas de carga, Reversible en corriente.png 
 used on input line 99.
(pdftex.def)             Requested size: 199.16928pt x 127.25906pt.
[3 <./Reversible en corriente.png> <./Caracteristicas de carga, Reversible en c
orriente.png>]

LaTeX Warning: File `Reversible en Tension.png' not found on input line 110.

<Reversible en Tension.png, id=33, 330.48468pt x 122.70844pt>
File: Reversible en Tension.png Graphic file (type png)
<use Reversible en Tension.png>
Package pdftex.def Info: Reversible en Tension.png  used on input line 110.
(pdftex.def)             Requested size: 199.16928pt x 73.9533pt.

LaTeX Warning: File `Caracteristicas de carga.png' not found on input line 117.


<Caracteristicas de carga.png, id=34, 351.56343pt x 255.95625pt>
File: Caracteristicas de carga.png Graphic file (type png)
<use Caracteristicas de carga.png>
Package pdftex.def Info: Caracteristicas de carga.png  used on input line 117.
(pdftex.def)             Requested size: 199.16928pt x 145.0022pt.

LaTeX Warning: File `Full bridge.png' not found on input line 128.

<Full bridge.png, id=35, 365.86688pt x 147.55125pt>
File: Full bridge.png Graphic file (type png)
<use Full bridge.png>
Package pdftex.def Info: Full bridge.png  used on input line 128.
(pdftex.def)             Requested size: 227.62204pt x 91.79826pt.
[4 <./Reversible en Tension.png> <./Caracteristicas de carga.png> <./Full bridg
e.png>]

LaTeX Warning: File `Caracteristicas de carga Full Bridge.png' not found on inp
ut line 137.

<Caracteristicas de carga Full Bridge.png, id=42, 432.86719pt x 264.99pt>
File: Caracteristicas de carga Full Bridge.png Graphic file (type png)
<use Caracteristicas de carga Full Bridge.png>
Package pdftex.def Info: Caracteristicas de carga Full Bridge.png  used on inpu
t line 137.
(pdftex.def)             Requested size: 227.62204pt x 139.34421pt.
<Forward.png, id=43, 403.5075pt x 164.86594pt>
File: Forward.png Graphic file (type png)
<use Forward.png>
Package pdftex.def Info: Forward.png  used on input line 152.
(pdftex.def)             Requested size: 170.71652pt x 69.75136pt.
[5 <./Caracteristicas de carga Full Bridge.png> <./Forward.png>]

LaTeX Warning: File `Elevador Boost.png' not found on input line 170.

<Elevador Boost.png, id=49, 362.10281pt x 211.54031pt>
File: Elevador Boost.png Graphic file (type png)
<use Elevador Boost.png>
Package pdftex.def Info: Elevador Boost.png  used on input line 170.
(pdftex.def)             Requested size: 170.71652pt x 99.73383pt.
<Reductor-Elevador.png, id=50, 291.33844pt x 115.18031pt>
File: Reductor-Elevador.png Graphic file (type png)
<use Reductor-Elevador.png>
Package pdftex.def Info: Reductor-Elevador.png  used on input line 184.
(pdftex.def)             Requested size: 170.71652pt x 67.49355pt.
<Flyback.png, id=51, 352.31625pt x 145.29282pt>
File: Flyback.png Graphic file (type png)
<use Flyback.png>
Package pdftex.def Info: Flyback.png  used on input line 198.
(pdftex.def)             Requested size: 170.71652pt x 70.40263pt.
[6 <./Elevador Boost.png> <./Reductor-Elevador.png> <./Flyback.png>]

LaTeX Warning: File `Convertidor Cuk.png' not found on input line 226.

<Convertidor Cuk.png, id=59, 290.58563pt x 94.10156pt>
File: Convertidor Cuk.png Graphic file (type png)
<use Convertidor Cuk.png>
Package pdftex.def Info: Convertidor Cuk.png  used on input line 226.
(pdftex.def)             Requested size: 170.71652pt x 55.28394pt.
<Monofasico.png, id=60, 379.4175pt x 225.84375pt>
File: Monofasico.png Graphic file (type png)
<use Monofasico.png>
Package pdftex.def Info: Monofasico.png  used on input line 255.
(pdftex.def)             Requested size: 170.71652pt x 101.6184pt.
<Semi-puente.png, id=61, 371.88937pt x 122.70844pt>
File: Semi-puente.png Graphic file (type png)
<use Semi-puente.png>
Package pdftex.def Info: Semi-puente.png  used on input line 269.
(pdftex.def)             Requested size: 170.71652pt x 56.33047pt.
[7 <./Convertidor Cuk.png> <./Monofasico.png>]

LaTeX Warning: File `Puente completo.png' not found on input line 289.

<Puente completo.png, id=68, 319.1925pt x 152.82094pt>
File: Puente completo.png Graphic file (type png)
<use Puente completo.png>
Package pdftex.def Info: Puente completo.png  used on input line 289.
(pdftex.def)             Requested size: 170.71652pt x 81.73389pt.

LaTeX Warning: File `Push Pull CC-CA.png' not found on input line 304.

<Push Pull CC-CA.png, id=69, 432.11438pt x 165.61874pt>
File: Push Pull CC-CA.png Graphic file (type png)
<use Push Pull CC-CA.png>
Package pdftex.def Info: Push Pull CC-CA.png  used on input line 304.
(pdftex.def)             Requested size: 170.71652pt x 65.43005pt.
<Trifasico.png, id=70, 371.88937pt x 274.02374pt>
File: Trifasico.png Graphic file (type png)
<use Trifasico.png>
Package pdftex.def Info: Trifasico.png  used on input line 322.
(pdftex.def)             Requested size: 199.16928pt x 146.75804pt.
[8 <./Semi-puente.png> <./Puente completo.png> <./Push Pull CC-CA.png>]
<Delta-Estrella.png, id=77, 230.36063pt x 182.93344pt>
File: Delta-Estrella.png Graphic file (type png)
<use Delta-Estrella.png>
Package pdftex.def Info: Delta-Estrella.png  used on input line 325.
(pdftex.def)             Requested size: 199.16928pt x 158.16266pt.


LaTeX Warning: File `Onda cuadrada.png' not found on input line 339.

<Onda cuadrada.png, id=78, 469.755pt x 168.63pt>
File: Onda cuadrada.png Graphic file (type png)
<use Onda cuadrada.png>
Package pdftex.def Info: Onda cuadrada.png  used on input line 339.
(pdftex.def)             Requested size: 199.16928pt x 71.49568pt.

LaTeX Warning: File `Onda Cuasi-Cuadrada.png' not found on input line 352.

<Onda Cuasi-Cuadrada.png, id=79, 456.95718pt x 226.59656pt>
File: Onda Cuasi-Cuadrada.png Graphic file (type png)
<use Onda Cuasi-Cuadrada.png>
Package pdftex.def Info: Onda Cuasi-Cuadrada.png  used on input line 352.
(pdftex.def)             Requested size: 199.16928pt x 98.76231pt.
[9 <./Trifasico.png> <./Delta-Estrella.png> <./Onda cuadrada.png>]
<Modulada.png, id=86, 389.20406pt x 218.31563pt>
File: Modulada.png Graphic file (type png)
<use Modulada.png>
Package pdftex.def Info: Modulada.png  used on input line 366.
(pdftex.def)             Requested size: 170.71652pt x 95.76268pt.
<Multinivel.png, id=87, 470.50781pt x 185.94469pt>
File: Multinivel.png Graphic file (type png)
<use Multinivel.png>
Package pdftex.def Info: Multinivel.png  used on input line 378.
(pdftex.def)             Requested size: 199.16928pt x 78.71191pt.
 [10 <./Onda Cuasi-Cuadrada.png> <./Modulada.png> <./Multinivel.png>]

LaTeX Warning: File `Variadores CA.png' not found on input line 398.

<Variadores CA.png, id=94, 470.50781pt x 254.45062pt>
File: Variadores CA.png Graphic file (type png)
<use Variadores CA.png>
Package pdftex.def Info: Variadores CA.png  used on input line 398.
(pdftex.def)             Requested size: 199.16928pt x 107.71104pt.

LaTeX Warning: File `Convertidor matricial.png' not found on input line 418.

<Convertidor matricial.png, id=95, 250.68657pt x 275.52937pt>
File: Convertidor matricial.png Graphic file (type png)
<use Convertidor matricial.png>
Package pdftex.def Info: Convertidor matricial.png  used on input line 418.
(pdftex.def)             Requested size: 170.71652pt x 187.64337pt.
[11 <./Variadores CA.png> <./Convertidor matricial.png>] [12]
("EV_1_5_caracteristicas de los convertidores de potencia CA-CD, CD-CA, CA-CA, 
CD-CD.aux"
LaTeX Info: Redefining \. on input line 6.
LaTeX Info: Redefining \% on input line 6.
) ) 
Here is how much of TeX's memory you used:
 3092 strings out of 492891
 45722 string characters out of 3133328
 123150 words of memory out of 3000000
 6948 multiletter control sequences out of 15000+200000
 20698 words of font info for 43 fonts, out of 3000000 for 9000
 1141 hyphenation exceptions out of 8191
 41i,6n,31p,678b,361s stack positions out of 5000i,500n,10000p,200000b,50000s
{C:/Program Files/MiKTeX 2.9/fonts/enc/dvips/base/8r.enc}<C:/Program Files/M
iKTeX 2.9/fonts/type1/public/amsfonts/cm/cmex10.pfb><C:/Program Files/MiKTeX 2.
9/fonts/type1/public/amsfonts/cm/cmmi12.pfb><C:/Program Files/MiKTeX 2.9/fonts/
type1/public/amsfonts/cm/cmmi6.pfb><C:/Program Files/MiKTeX 2.9/fonts/type1/pub
lic/amsfonts/cm/cmmi8.pfb><C:/Program Files/MiKTeX 2.9/fonts/type1/public/amsfo
nts/cm/cmr12.pfb><C:/Program Files/MiKTeX 2.9/fonts/type1/public/amsfonts/cm/cm
r8.pfb><C:/Program Files/MiKTeX 2.9/fonts/type1/public/amsfonts/cm/cmsy10.pfb><
C:/Program Files/MiKTeX 2.9/fonts/type1/urw/times/utmb8a.pfb><C:/Program Files/
MiKTeX 2.9/fonts/type1/urw/times/utmr8a.pfb><C:/Program Files/MiKTeX 2.9/fonts/
type1/urw/times/utmri8a.pfb>
Output written on "EV_1_5_caracteristicas de los convertidores de potencia CA-C
D, CD-CA, CA-CA, CD-CD.pdf" (12 pages, 654034 bytes).
PDF statistics:
 137 PDF objects out of 1000 (max. 8388607)
 0 named destinations out of 1000 (max. 500000)
 136 words of extra memory for PDF output out of 10000 (max. 10000000)

